Terminals unused in grammar

   SINGLE_QUOTE
   DOUBLE_QUOTE


State 65 conflicts: 8 shift/reduce
State 67 conflicts: 8 shift/reduce
State 68 conflicts: 8 shift/reduce
State 69 conflicts: 8 shift/reduce
State 70 conflicts: 8 shift/reduce
State 71 conflicts: 8 shift/reduce
State 72 conflicts: 8 shift/reduce
State 84 conflicts: 8 shift/reduce
State 85 conflicts: 8 shift/reduce
State 86 conflicts: 8 shift/reduce
State 97 conflicts: 8 shift/reduce


Grammar

    0 $accept: program $end

    1 program: declarations commands

    2 declarations: declarations declaration
    3             | declaration

    4 declaration: number_declaration
    5            | float_declaration
    6            | string_declaration
    7            | boolean_declaration
    8            | object_declaration
    9            | array_of_numbers_declaration
   10            | array_of_floats_declaration
   11            | array_of_strings_declaration
   12            | array_of_booleans_declaration
   13            | array_of_objects_declaration
   14            | console_log_declarations

   15 console_log_declarations: CONSOLE_LOG LPARENTHESES STRING_LITERAL RPARENTHESES SEMICOLON
   16                         | CONSOLE_LOG LPARENTHESES IDENTIFIER RPARENTHESES SEMICOLON

   17 number_declaration: LET IDENTIFIER COLON NUMBER ASSIGN NUMBER_LITERAL SEMICOLON

   18 array_of_numbers_declaration: LET IDENTIFIER COLON NUMBER LBRACKET RBRACKET ASSIGN array_of_numbers SEMICOLON

   19 float_declaration: LET IDENTIFIER COLON NUMBER ASSIGN FLOAT_LITERAL SEMICOLON

   20 array_of_floats_declaration: LET IDENTIFIER COLON NUMBER LBRACKET RBRACKET ASSIGN array_of_floats SEMICOLON

   21 boolean_declaration: LET IDENTIFIER COLON BOOLEAN ASSIGN BOOLEAN_LITERAL SEMICOLON

   22 array_of_booleans_declaration: LET IDENTIFIER COLON BOOLEAN LBRACKET RBRACKET ASSIGN array_of_booleans SEMICOLON

   23 string_declaration: LET IDENTIFIER COLON STRING ASSIGN STRING_LITERAL SEMICOLON

   24 array_of_strings_declaration: LET IDENTIFIER COLON STRING LBRACKET RBRACKET ASSIGN array_of_strings SEMICOLON

   25 object_declaration: LET IDENTIFIER COLON ANY ASSIGN LBRACE object_attribution RBRACE SEMICOLON

   26 array_of_objects_declaration: LET IDENTIFIER COLON ANY LBRACKET RBRACKET ASSIGN array_of_objects SEMICOLON

   27 object_attribution: IDENTIFIER COLON STRING_LITERAL
   28                   | IDENTIFIER COLON NUMBER_LITERAL
   29                   | IDENTIFIER COLON FLOAT_LITERAL
   30                   | IDENTIFIER COLON BOOLEAN_LITERAL
   31                   | IDENTIFIER COLON STRING_LITERAL COMMA object_attribution
   32                   | IDENTIFIER COLON NUMBER_LITERAL COMMA object_attribution
   33                   | IDENTIFIER COLON FLOAT_LITERAL COMMA object_attribution
   34                   | IDENTIFIER COLON BOOLEAN_LITERAL COMMA object_attribution
   35                   | IDENTIFIER COLON LBRACE object_attribution RBRACE
   36                   | %empty

   37 array_of_numbers: LBRACKET numbers RBRACKET

   38 numbers: NUMBER_LITERAL COMMA numbers
   39        | NUMBER_LITERAL

   40 array_of_floats: LBRACKET floats RBRACKET

   41 floats: FLOAT_LITERAL COMMA floats
   42       | FLOAT_LITERAL

   43 array_of_booleans: LBRACKET booleans RBRACKET

   44 booleans: BOOLEAN_LITERAL COMMA booleans
   45         | BOOLEAN_LITERAL

   46 array_of_strings: LBRACKET strings RBRACKET

   47 strings: STRING_LITERAL COMMA strings
   48        | STRING_LITERAL

   49 array_of_objects: LBRACKET objects RBRACKET

   50 objects: LBRACE object_attribution RBRACE COMMA objects
   51        | LBRACE object_attribution RBRACE

   52 commands: command commands
   53         | %empty

   54 command: IF exp LBRACE commands RBRACE

   55 exp: STRING_LITERAL
   56    | NUMBER_LITERAL
   57    | FLOAT_LITERAL
   58    | BOOLEAN_LITERAL
   59    | IDENTIFIER
   60    | exp '<' exp
   61    | exp '<' ASSIGN exp
   62    | exp ASSIGN ASSIGN exp
   63    | exp ASSIGN ASSIGN ASSIGN exp
   64    | exp '>' exp
   65    | exp '>' ASSIGN exp
   66    | exp '+' exp
   67    | exp '-' exp
   68    | exp '*' exp
   69    | exp '/' exp
   70    | exp '^' exp
   71    | LPARENTHESES exp RPARENTHESES


Terminals, with rules where they appear

$end (0) 0
'*' (42) 68
'+' (43) 66
'-' (45) 67
'/' (47) 69
'<' (60) 60 61
'>' (62) 64 65
'^' (94) 70
error (256)
LET (258) 17 18 19 20 21 22 23 24 25 26
IDENTIFIER (259) 16 17 18 19 20 21 22 23 24 25 26 27 28 29 30 31 32
    33 34 35 59
NUMBER (260) 17 18 19 20
STRING (261) 23 24
BOOLEAN (262) 21 22
ANY (263) 25 26
CONSOLE_LOG (264) 15 16
LBRACKET (265) 18 20 22 24 26 37 40 43 46 49
RBRACKET (266) 18 20 22 24 26 37 40 43 46 49
LBRACE (267) 25 35 50 51 54
RBRACE (268) 25 35 50 51 54
SINGLE_QUOTE (269)
DOUBLE_QUOTE (270)
COMMA (271) 31 32 33 34 38 41 44 47 50
LPARENTHESES (272) 15 16 71
RPARENTHESES (273) 15 16 71
IF (274) 54
COLON (275) 17 18 19 20 21 22 23 24 25 26 27 28 29 30 31 32 33 34 35
SEMICOLON (276) 15 16 17 18 19 20 21 22 23 24 25 26
ASSIGN (277) 17 18 19 20 21 22 23 24 25 26 61 62 63 65
STRING_LITERAL (278) 15 23 27 31 47 48 55
NUMBER_LITERAL (279) 17 28 32 38 39 56
FLOAT_LITERAL (280) 19 29 33 41 42 57
BOOLEAN_LITERAL (281) 21 30 34 44 45 58


Nonterminals, with rules where they appear

$accept (34)
    on left: 0
program (35)
    on left: 1, on right: 0
declarations (36)
    on left: 2 3, on right: 1 2
declaration (37)
    on left: 4 5 6 7 8 9 10 11 12 13 14, on right: 2 3
console_log_declarations (38)
    on left: 15 16, on right: 14
number_declaration (39)
    on left: 17, on right: 4
array_of_numbers_declaration (40)
    on left: 18, on right: 9
float_declaration (41)
    on left: 19, on right: 5
array_of_floats_declaration (42)
    on left: 20, on right: 10
boolean_declaration (43)
    on left: 21, on right: 7
array_of_booleans_declaration (44)
    on left: 22, on right: 12
string_declaration (45)
    on left: 23, on right: 6
array_of_strings_declaration (46)
    on left: 24, on right: 11
object_declaration (47)
    on left: 25, on right: 8
array_of_objects_declaration (48)
    on left: 26, on right: 13
object_attribution (49)
    on left: 27 28 29 30 31 32 33 34 35 36, on right: 25 31 32 33 34
    35 50 51
array_of_numbers (50)
    on left: 37, on right: 18
numbers (51)
    on left: 38 39, on right: 37 38
array_of_floats (52)
    on left: 40, on right: 20
floats (53)
    on left: 41 42, on right: 40 41
array_of_booleans (54)
    on left: 43, on right: 22
booleans (55)
    on left: 44 45, on right: 43 44
array_of_strings (56)
    on left: 46, on right: 24
strings (57)
    on left: 47 48, on right: 46 47
array_of_objects (58)
    on left: 49, on right: 26
objects (59)
    on left: 50 51, on right: 49 50
commands (60)
    on left: 52 53, on right: 1 52 54
command (61)
    on left: 54, on right: 52
exp (62)
    on left: 55 56 57 58 59 60 61 62 63 64 65 66 67 68 69 70 71, on right:
    54 60 61 62 63 64 65 66 67 68 69 70 71


State 0

    0 $accept: . program $end

    LET          shift, and go to state 1
    CONSOLE_LOG  shift, and go to state 2

    program                        go to state 3
    declarations                   go to state 4
    declaration                    go to state 5
    console_log_declarations       go to state 6
    number_declaration             go to state 7
    array_of_numbers_declaration   go to state 8
    float_declaration              go to state 9
    array_of_floats_declaration    go to state 10
    boolean_declaration            go to state 11
    array_of_booleans_declaration  go to state 12
    string_declaration             go to state 13
    array_of_strings_declaration   go to state 14
    object_declaration             go to state 15
    array_of_objects_declaration   go to state 16


State 1

   17 number_declaration: LET . IDENTIFIER COLON NUMBER ASSIGN NUMBER_LITERAL SEMICOLON
   18 array_of_numbers_declaration: LET . IDENTIFIER COLON NUMBER LBRACKET RBRACKET ASSIGN array_of_numbers SEMICOLON
   19 float_declaration: LET . IDENTIFIER COLON NUMBER ASSIGN FLOAT_LITERAL SEMICOLON
   20 array_of_floats_declaration: LET . IDENTIFIER COLON NUMBER LBRACKET RBRACKET ASSIGN array_of_floats SEMICOLON
   21 boolean_declaration: LET . IDENTIFIER COLON BOOLEAN ASSIGN BOOLEAN_LITERAL SEMICOLON
   22 array_of_booleans_declaration: LET . IDENTIFIER COLON BOOLEAN LBRACKET RBRACKET ASSIGN array_of_booleans SEMICOLON
   23 string_declaration: LET . IDENTIFIER COLON STRING ASSIGN STRING_LITERAL SEMICOLON
   24 array_of_strings_declaration: LET . IDENTIFIER COLON STRING LBRACKET RBRACKET ASSIGN array_of_strings SEMICOLON
   25 object_declaration: LET . IDENTIFIER COLON ANY ASSIGN LBRACE object_attribution RBRACE SEMICOLON
   26 array_of_objects_declaration: LET . IDENTIFIER COLON ANY LBRACKET RBRACKET ASSIGN array_of_objects SEMICOLON

    IDENTIFIER  shift, and go to state 17


State 2

   15 console_log_declarations: CONSOLE_LOG . LPARENTHESES STRING_LITERAL RPARENTHESES SEMICOLON
   16                         | CONSOLE_LOG . LPARENTHESES IDENTIFIER RPARENTHESES SEMICOLON

    LPARENTHESES  shift, and go to state 18


State 3

    0 $accept: program . $end

    $end  shift, and go to state 19


State 4

    1 program: declarations . commands
    2 declarations: declarations . declaration

    LET          shift, and go to state 1
    CONSOLE_LOG  shift, and go to state 2
    IF           shift, and go to state 20

    $default  reduce using rule 53 (commands)

    declaration                    go to state 21
    console_log_declarations       go to state 6
    number_declaration             go to state 7
    array_of_numbers_declaration   go to state 8
    float_declaration              go to state 9
    array_of_floats_declaration    go to state 10
    boolean_declaration            go to state 11
    array_of_booleans_declaration  go to state 12
    string_declaration             go to state 13
    array_of_strings_declaration   go to state 14
    object_declaration             go to state 15
    array_of_objects_declaration   go to state 16
    commands                       go to state 22
    command                        go to state 23


State 5

    3 declarations: declaration .

    $default  reduce using rule 3 (declarations)


State 6

   14 declaration: console_log_declarations .

    $default  reduce using rule 14 (declaration)


State 7

    4 declaration: number_declaration .

    $default  reduce using rule 4 (declaration)


State 8

    9 declaration: array_of_numbers_declaration .

    $default  reduce using rule 9 (declaration)


State 9

    5 declaration: float_declaration .

    $default  reduce using rule 5 (declaration)


State 10

   10 declaration: array_of_floats_declaration .

    $default  reduce using rule 10 (declaration)


State 11

    7 declaration: boolean_declaration .

    $default  reduce using rule 7 (declaration)


State 12

   12 declaration: array_of_booleans_declaration .

    $default  reduce using rule 12 (declaration)


State 13

    6 declaration: string_declaration .

    $default  reduce using rule 6 (declaration)


State 14

   11 declaration: array_of_strings_declaration .

    $default  reduce using rule 11 (declaration)


State 15

    8 declaration: object_declaration .

    $default  reduce using rule 8 (declaration)


State 16

   13 declaration: array_of_objects_declaration .

    $default  reduce using rule 13 (declaration)


State 17

   17 number_declaration: LET IDENTIFIER . COLON NUMBER ASSIGN NUMBER_LITERAL SEMICOLON
   18 array_of_numbers_declaration: LET IDENTIFIER . COLON NUMBER LBRACKET RBRACKET ASSIGN array_of_numbers SEMICOLON
   19 float_declaration: LET IDENTIFIER . COLON NUMBER ASSIGN FLOAT_LITERAL SEMICOLON
   20 array_of_floats_declaration: LET IDENTIFIER . COLON NUMBER LBRACKET RBRACKET ASSIGN array_of_floats SEMICOLON
   21 boolean_declaration: LET IDENTIFIER . COLON BOOLEAN ASSIGN BOOLEAN_LITERAL SEMICOLON
   22 array_of_booleans_declaration: LET IDENTIFIER . COLON BOOLEAN LBRACKET RBRACKET ASSIGN array_of_booleans SEMICOLON
   23 string_declaration: LET IDENTIFIER . COLON STRING ASSIGN STRING_LITERAL SEMICOLON
   24 array_of_strings_declaration: LET IDENTIFIER . COLON STRING LBRACKET RBRACKET ASSIGN array_of_strings SEMICOLON
   25 object_declaration: LET IDENTIFIER . COLON ANY ASSIGN LBRACE object_attribution RBRACE SEMICOLON
   26 array_of_objects_declaration: LET IDENTIFIER . COLON ANY LBRACKET RBRACKET ASSIGN array_of_objects SEMICOLON

    COLON  shift, and go to state 24


State 18

   15 console_log_declarations: CONSOLE_LOG LPARENTHESES . STRING_LITERAL RPARENTHESES SEMICOLON
   16                         | CONSOLE_LOG LPARENTHESES . IDENTIFIER RPARENTHESES SEMICOLON

    IDENTIFIER      shift, and go to state 25
    STRING_LITERAL  shift, and go to state 26


State 19

    0 $accept: program $end .

    $default  accept


State 20

   54 command: IF . exp LBRACE commands RBRACE

    IDENTIFIER       shift, and go to state 27
    LPARENTHESES     shift, and go to state 28
    STRING_LITERAL   shift, and go to state 29
    NUMBER_LITERAL   shift, and go to state 30
    FLOAT_LITERAL    shift, and go to state 31
    BOOLEAN_LITERAL  shift, and go to state 32

    exp  go to state 33


State 21

    2 declarations: declarations declaration .

    $default  reduce using rule 2 (declarations)


State 22

    1 program: declarations commands .

    $default  reduce using rule 1 (program)


State 23

   52 commands: command . commands

    IF  shift, and go to state 20

    $default  reduce using rule 53 (commands)

    commands  go to state 34
    command   go to state 23


State 24

   17 number_declaration: LET IDENTIFIER COLON . NUMBER ASSIGN NUMBER_LITERAL SEMICOLON
   18 array_of_numbers_declaration: LET IDENTIFIER COLON . NUMBER LBRACKET RBRACKET ASSIGN array_of_numbers SEMICOLON
   19 float_declaration: LET IDENTIFIER COLON . NUMBER ASSIGN FLOAT_LITERAL SEMICOLON
   20 array_of_floats_declaration: LET IDENTIFIER COLON . NUMBER LBRACKET RBRACKET ASSIGN array_of_floats SEMICOLON
   21 boolean_declaration: LET IDENTIFIER COLON . BOOLEAN ASSIGN BOOLEAN_LITERAL SEMICOLON
   22 array_of_booleans_declaration: LET IDENTIFIER COLON . BOOLEAN LBRACKET RBRACKET ASSIGN array_of_booleans SEMICOLON
   23 string_declaration: LET IDENTIFIER COLON . STRING ASSIGN STRING_LITERAL SEMICOLON
   24 array_of_strings_declaration: LET IDENTIFIER COLON . STRING LBRACKET RBRACKET ASSIGN array_of_strings SEMICOLON
   25 object_declaration: LET IDENTIFIER COLON . ANY ASSIGN LBRACE object_attribution RBRACE SEMICOLON
   26 array_of_objects_declaration: LET IDENTIFIER COLON . ANY LBRACKET RBRACKET ASSIGN array_of_objects SEMICOLON

    NUMBER   shift, and go to state 35
    STRING   shift, and go to state 36
    BOOLEAN  shift, and go to state 37
    ANY      shift, and go to state 38


State 25

   16 console_log_declarations: CONSOLE_LOG LPARENTHESES IDENTIFIER . RPARENTHESES SEMICOLON

    RPARENTHESES  shift, and go to state 39


State 26

   15 console_log_declarations: CONSOLE_LOG LPARENTHESES STRING_LITERAL . RPARENTHESES SEMICOLON

    RPARENTHESES  shift, and go to state 40


State 27

   59 exp: IDENTIFIER .

    $default  reduce using rule 59 (exp)


State 28

   71 exp: LPARENTHESES . exp RPARENTHESES

    IDENTIFIER       shift, and go to state 27
    LPARENTHESES     shift, and go to state 28
    STRING_LITERAL   shift, and go to state 29
    NUMBER_LITERAL   shift, and go to state 30
    FLOAT_LITERAL    shift, and go to state 31
    BOOLEAN_LITERAL  shift, and go to state 32

    exp  go to state 41


State 29

   55 exp: STRING_LITERAL .

    $default  reduce using rule 55 (exp)


State 30

   56 exp: NUMBER_LITERAL .

    $default  reduce using rule 56 (exp)


State 31

   57 exp: FLOAT_LITERAL .

    $default  reduce using rule 57 (exp)


State 32

   58 exp: BOOLEAN_LITERAL .

    $default  reduce using rule 58 (exp)


State 33

   54 command: IF exp . LBRACE commands RBRACE
   60 exp: exp . '<' exp
   61    | exp . '<' ASSIGN exp
   62    | exp . ASSIGN ASSIGN exp
   63    | exp . ASSIGN ASSIGN ASSIGN exp
   64    | exp . '>' exp
   65    | exp . '>' ASSIGN exp
   66    | exp . '+' exp
   67    | exp . '-' exp
   68    | exp . '*' exp
   69    | exp . '/' exp
   70    | exp . '^' exp

    LBRACE  shift, and go to state 42
    ASSIGN  shift, and go to state 43
    '<'     shift, and go to state 44
    '>'     shift, and go to state 45
    '+'     shift, and go to state 46
    '-'     shift, and go to state 47
    '*'     shift, and go to state 48
    '/'     shift, and go to state 49
    '^'     shift, and go to state 50


State 34

   52 commands: command commands .

    $default  reduce using rule 52 (commands)


State 35

   17 number_declaration: LET IDENTIFIER COLON NUMBER . ASSIGN NUMBER_LITERAL SEMICOLON
   18 array_of_numbers_declaration: LET IDENTIFIER COLON NUMBER . LBRACKET RBRACKET ASSIGN array_of_numbers SEMICOLON
   19 float_declaration: LET IDENTIFIER COLON NUMBER . ASSIGN FLOAT_LITERAL SEMICOLON
   20 array_of_floats_declaration: LET IDENTIFIER COLON NUMBER . LBRACKET RBRACKET ASSIGN array_of_floats SEMICOLON

    LBRACKET  shift, and go to state 51
    ASSIGN    shift, and go to state 52


State 36

   23 string_declaration: LET IDENTIFIER COLON STRING . ASSIGN STRING_LITERAL SEMICOLON
   24 array_of_strings_declaration: LET IDENTIFIER COLON STRING . LBRACKET RBRACKET ASSIGN array_of_strings SEMICOLON

    LBRACKET  shift, and go to state 53
    ASSIGN    shift, and go to state 54


State 37

   21 boolean_declaration: LET IDENTIFIER COLON BOOLEAN . ASSIGN BOOLEAN_LITERAL SEMICOLON
   22 array_of_booleans_declaration: LET IDENTIFIER COLON BOOLEAN . LBRACKET RBRACKET ASSIGN array_of_booleans SEMICOLON

    LBRACKET  shift, and go to state 55
    ASSIGN    shift, and go to state 56


State 38

   25 object_declaration: LET IDENTIFIER COLON ANY . ASSIGN LBRACE object_attribution RBRACE SEMICOLON
   26 array_of_objects_declaration: LET IDENTIFIER COLON ANY . LBRACKET RBRACKET ASSIGN array_of_objects SEMICOLON

    LBRACKET  shift, and go to state 57
    ASSIGN    shift, and go to state 58


State 39

   16 console_log_declarations: CONSOLE_LOG LPARENTHESES IDENTIFIER RPARENTHESES . SEMICOLON

    SEMICOLON  shift, and go to state 59


State 40

   15 console_log_declarations: CONSOLE_LOG LPARENTHESES STRING_LITERAL RPARENTHESES . SEMICOLON

    SEMICOLON  shift, and go to state 60


State 41

   60 exp: exp . '<' exp
   61    | exp . '<' ASSIGN exp
   62    | exp . ASSIGN ASSIGN exp
   63    | exp . ASSIGN ASSIGN ASSIGN exp
   64    | exp . '>' exp
   65    | exp . '>' ASSIGN exp
   66    | exp . '+' exp
   67    | exp . '-' exp
   68    | exp . '*' exp
   69    | exp . '/' exp
   70    | exp . '^' exp
   71    | LPARENTHESES exp . RPARENTHESES

    RPARENTHESES  shift, and go to state 61
    ASSIGN        shift, and go to state 43
    '<'           shift, and go to state 44
    '>'           shift, and go to state 45
    '+'           shift, and go to state 46
    '-'           shift, and go to state 47
    '*'           shift, and go to state 48
    '/'           shift, and go to state 49
    '^'           shift, and go to state 50


State 42

   54 command: IF exp LBRACE . commands RBRACE

    IF  shift, and go to state 20

    $default  reduce using rule 53 (commands)

    commands  go to state 62
    command   go to state 23


State 43

   62 exp: exp ASSIGN . ASSIGN exp
   63    | exp ASSIGN . ASSIGN ASSIGN exp

    ASSIGN  shift, and go to state 63


State 44

   60 exp: exp '<' . exp
   61    | exp '<' . ASSIGN exp

    IDENTIFIER       shift, and go to state 27
    LPARENTHESES     shift, and go to state 28
    ASSIGN           shift, and go to state 64
    STRING_LITERAL   shift, and go to state 29
    NUMBER_LITERAL   shift, and go to state 30
    FLOAT_LITERAL    shift, and go to state 31
    BOOLEAN_LITERAL  shift, and go to state 32

    exp  go to state 65


State 45

   64 exp: exp '>' . exp
   65    | exp '>' . ASSIGN exp

    IDENTIFIER       shift, and go to state 27
    LPARENTHESES     shift, and go to state 28
    ASSIGN           shift, and go to state 66
    STRING_LITERAL   shift, and go to state 29
    NUMBER_LITERAL   shift, and go to state 30
    FLOAT_LITERAL    shift, and go to state 31
    BOOLEAN_LITERAL  shift, and go to state 32

    exp  go to state 67


State 46

   66 exp: exp '+' . exp

    IDENTIFIER       shift, and go to state 27
    LPARENTHESES     shift, and go to state 28
    STRING_LITERAL   shift, and go to state 29
    NUMBER_LITERAL   shift, and go to state 30
    FLOAT_LITERAL    shift, and go to state 31
    BOOLEAN_LITERAL  shift, and go to state 32

    exp  go to state 68


State 47

   67 exp: exp '-' . exp

    IDENTIFIER       shift, and go to state 27
    LPARENTHESES     shift, and go to state 28
    STRING_LITERAL   shift, and go to state 29
    NUMBER_LITERAL   shift, and go to state 30
    FLOAT_LITERAL    shift, and go to state 31
    BOOLEAN_LITERAL  shift, and go to state 32

    exp  go to state 69


State 48

   68 exp: exp '*' . exp

    IDENTIFIER       shift, and go to state 27
    LPARENTHESES     shift, and go to state 28
    STRING_LITERAL   shift, and go to state 29
    NUMBER_LITERAL   shift, and go to state 30
    FLOAT_LITERAL    shift, and go to state 31
    BOOLEAN_LITERAL  shift, and go to state 32

    exp  go to state 70


State 49

   69 exp: exp '/' . exp

    IDENTIFIER       shift, and go to state 27
    LPARENTHESES     shift, and go to state 28
    STRING_LITERAL   shift, and go to state 29
    NUMBER_LITERAL   shift, and go to state 30
    FLOAT_LITERAL    shift, and go to state 31
    BOOLEAN_LITERAL  shift, and go to state 32

    exp  go to state 71


State 50

   70 exp: exp '^' . exp

    IDENTIFIER       shift, and go to state 27
    LPARENTHESES     shift, and go to state 28
    STRING_LITERAL   shift, and go to state 29
    NUMBER_LITERAL   shift, and go to state 30
    FLOAT_LITERAL    shift, and go to state 31
    BOOLEAN_LITERAL  shift, and go to state 32

    exp  go to state 72


State 51

   18 array_of_numbers_declaration: LET IDENTIFIER COLON NUMBER LBRACKET . RBRACKET ASSIGN array_of_numbers SEMICOLON
   20 array_of_floats_declaration: LET IDENTIFIER COLON NUMBER LBRACKET . RBRACKET ASSIGN array_of_floats SEMICOLON

    RBRACKET  shift, and go to state 73


State 52

   17 number_declaration: LET IDENTIFIER COLON NUMBER ASSIGN . NUMBER_LITERAL SEMICOLON
   19 float_declaration: LET IDENTIFIER COLON NUMBER ASSIGN . FLOAT_LITERAL SEMICOLON

    NUMBER_LITERAL  shift, and go to state 74
    FLOAT_LITERAL   shift, and go to state 75


State 53

   24 array_of_strings_declaration: LET IDENTIFIER COLON STRING LBRACKET . RBRACKET ASSIGN array_of_strings SEMICOLON

    RBRACKET  shift, and go to state 76


State 54

   23 string_declaration: LET IDENTIFIER COLON STRING ASSIGN . STRING_LITERAL SEMICOLON

    STRING_LITERAL  shift, and go to state 77


State 55

   22 array_of_booleans_declaration: LET IDENTIFIER COLON BOOLEAN LBRACKET . RBRACKET ASSIGN array_of_booleans SEMICOLON

    RBRACKET  shift, and go to state 78


State 56

   21 boolean_declaration: LET IDENTIFIER COLON BOOLEAN ASSIGN . BOOLEAN_LITERAL SEMICOLON

    BOOLEAN_LITERAL  shift, and go to state 79


State 57

   26 array_of_objects_declaration: LET IDENTIFIER COLON ANY LBRACKET . RBRACKET ASSIGN array_of_objects SEMICOLON

    RBRACKET  shift, and go to state 80


State 58

   25 object_declaration: LET IDENTIFIER COLON ANY ASSIGN . LBRACE object_attribution RBRACE SEMICOLON

    LBRACE  shift, and go to state 81


State 59

   16 console_log_declarations: CONSOLE_LOG LPARENTHESES IDENTIFIER RPARENTHESES SEMICOLON .

    $default  reduce using rule 16 (console_log_declarations)


State 60

   15 console_log_declarations: CONSOLE_LOG LPARENTHESES STRING_LITERAL RPARENTHESES SEMICOLON .

    $default  reduce using rule 15 (console_log_declarations)


State 61

   71 exp: LPARENTHESES exp RPARENTHESES .

    $default  reduce using rule 71 (exp)


State 62

   54 command: IF exp LBRACE commands . RBRACE

    RBRACE  shift, and go to state 82


State 63

   62 exp: exp ASSIGN ASSIGN . exp
   63    | exp ASSIGN ASSIGN . ASSIGN exp

    IDENTIFIER       shift, and go to state 27
    LPARENTHESES     shift, and go to state 28
    ASSIGN           shift, and go to state 83
    STRING_LITERAL   shift, and go to state 29
    NUMBER_LITERAL   shift, and go to state 30
    FLOAT_LITERAL    shift, and go to state 31
    BOOLEAN_LITERAL  shift, and go to state 32

    exp  go to state 84


State 64

   61 exp: exp '<' ASSIGN . exp

    IDENTIFIER       shift, and go to state 27
    LPARENTHESES     shift, and go to state 28
    STRING_LITERAL   shift, and go to state 29
    NUMBER_LITERAL   shift, and go to state 30
    FLOAT_LITERAL    shift, and go to state 31
    BOOLEAN_LITERAL  shift, and go to state 32

    exp  go to state 85


State 65

   60 exp: exp . '<' exp
   60    | exp '<' exp .
   61    | exp . '<' ASSIGN exp
   62    | exp . ASSIGN ASSIGN exp
   63    | exp . ASSIGN ASSIGN ASSIGN exp
   64    | exp . '>' exp
   65    | exp . '>' ASSIGN exp
   66    | exp . '+' exp
   67    | exp . '-' exp
   68    | exp . '*' exp
   69    | exp . '/' exp
   70    | exp . '^' exp

    ASSIGN  shift, and go to state 43
    '<'     shift, and go to state 44
    '>'     shift, and go to state 45
    '+'     shift, and go to state 46
    '-'     shift, and go to state 47
    '*'     shift, and go to state 48
    '/'     shift, and go to state 49
    '^'     shift, and go to state 50

    ASSIGN    [reduce using rule 60 (exp)]
    '<'       [reduce using rule 60 (exp)]
    '>'       [reduce using rule 60 (exp)]
    '+'       [reduce using rule 60 (exp)]
    '-'       [reduce using rule 60 (exp)]
    '*'       [reduce using rule 60 (exp)]
    '/'       [reduce using rule 60 (exp)]
    '^'       [reduce using rule 60 (exp)]
    $default  reduce using rule 60 (exp)


State 66

   65 exp: exp '>' ASSIGN . exp

    IDENTIFIER       shift, and go to state 27
    LPARENTHESES     shift, and go to state 28
    STRING_LITERAL   shift, and go to state 29
    NUMBER_LITERAL   shift, and go to state 30
    FLOAT_LITERAL    shift, and go to state 31
    BOOLEAN_LITERAL  shift, and go to state 32

    exp  go to state 86


State 67

   60 exp: exp . '<' exp
   61    | exp . '<' ASSIGN exp
   62    | exp . ASSIGN ASSIGN exp
   63    | exp . ASSIGN ASSIGN ASSIGN exp
   64    | exp . '>' exp
   64    | exp '>' exp .
   65    | exp . '>' ASSIGN exp
   66    | exp . '+' exp
   67    | exp . '-' exp
   68    | exp . '*' exp
   69    | exp . '/' exp
   70    | exp . '^' exp

    ASSIGN  shift, and go to state 43
    '<'     shift, and go to state 44
    '>'     shift, and go to state 45
    '+'     shift, and go to state 46
    '-'     shift, and go to state 47
    '*'     shift, and go to state 48
    '/'     shift, and go to state 49
    '^'     shift, and go to state 50

    ASSIGN    [reduce using rule 64 (exp)]
    '<'       [reduce using rule 64 (exp)]
    '>'       [reduce using rule 64 (exp)]
    '+'       [reduce using rule 64 (exp)]
    '-'       [reduce using rule 64 (exp)]
    '*'       [reduce using rule 64 (exp)]
    '/'       [reduce using rule 64 (exp)]
    '^'       [reduce using rule 64 (exp)]
    $default  reduce using rule 64 (exp)


State 68

   60 exp: exp . '<' exp
   61    | exp . '<' ASSIGN exp
   62    | exp . ASSIGN ASSIGN exp
   63    | exp . ASSIGN ASSIGN ASSIGN exp
   64    | exp . '>' exp
   65    | exp . '>' ASSIGN exp
   66    | exp . '+' exp
   66    | exp '+' exp .
   67    | exp . '-' exp
   68    | exp . '*' exp
   69    | exp . '/' exp
   70    | exp . '^' exp

    ASSIGN  shift, and go to state 43
    '<'     shift, and go to state 44
    '>'     shift, and go to state 45
    '+'     shift, and go to state 46
    '-'     shift, and go to state 47
    '*'     shift, and go to state 48
    '/'     shift, and go to state 49
    '^'     shift, and go to state 50

    ASSIGN    [reduce using rule 66 (exp)]
    '<'       [reduce using rule 66 (exp)]
    '>'       [reduce using rule 66 (exp)]
    '+'       [reduce using rule 66 (exp)]
    '-'       [reduce using rule 66 (exp)]
    '*'       [reduce using rule 66 (exp)]
    '/'       [reduce using rule 66 (exp)]
    '^'       [reduce using rule 66 (exp)]
    $default  reduce using rule 66 (exp)


State 69

   60 exp: exp . '<' exp
   61    | exp . '<' ASSIGN exp
   62    | exp . ASSIGN ASSIGN exp
   63    | exp . ASSIGN ASSIGN ASSIGN exp
   64    | exp . '>' exp
   65    | exp . '>' ASSIGN exp
   66    | exp . '+' exp
   67    | exp . '-' exp
   67    | exp '-' exp .
   68    | exp . '*' exp
   69    | exp . '/' exp
   70    | exp . '^' exp

    ASSIGN  shift, and go to state 43
    '<'     shift, and go to state 44
    '>'     shift, and go to state 45
    '+'     shift, and go to state 46
    '-'     shift, and go to state 47
    '*'     shift, and go to state 48
    '/'     shift, and go to state 49
    '^'     shift, and go to state 50

    ASSIGN    [reduce using rule 67 (exp)]
    '<'       [reduce using rule 67 (exp)]
    '>'       [reduce using rule 67 (exp)]
    '+'       [reduce using rule 67 (exp)]
    '-'       [reduce using rule 67 (exp)]
    '*'       [reduce using rule 67 (exp)]
    '/'       [reduce using rule 67 (exp)]
    '^'       [reduce using rule 67 (exp)]
    $default  reduce using rule 67 (exp)


State 70

   60 exp: exp . '<' exp
   61    | exp . '<' ASSIGN exp
   62    | exp . ASSIGN ASSIGN exp
   63    | exp . ASSIGN ASSIGN ASSIGN exp
   64    | exp . '>' exp
   65    | exp . '>' ASSIGN exp
   66    | exp . '+' exp
   67    | exp . '-' exp
   68    | exp . '*' exp
   68    | exp '*' exp .
   69    | exp . '/' exp
   70    | exp . '^' exp

    ASSIGN  shift, and go to state 43
    '<'     shift, and go to state 44
    '>'     shift, and go to state 45
    '+'     shift, and go to state 46
    '-'     shift, and go to state 47
    '*'     shift, and go to state 48
    '/'     shift, and go to state 49
    '^'     shift, and go to state 50

    ASSIGN    [reduce using rule 68 (exp)]
    '<'       [reduce using rule 68 (exp)]
    '>'       [reduce using rule 68 (exp)]
    '+'       [reduce using rule 68 (exp)]
    '-'       [reduce using rule 68 (exp)]
    '*'       [reduce using rule 68 (exp)]
    '/'       [reduce using rule 68 (exp)]
    '^'       [reduce using rule 68 (exp)]
    $default  reduce using rule 68 (exp)


State 71

   60 exp: exp . '<' exp
   61    | exp . '<' ASSIGN exp
   62    | exp . ASSIGN ASSIGN exp
   63    | exp . ASSIGN ASSIGN ASSIGN exp
   64    | exp . '>' exp
   65    | exp . '>' ASSIGN exp
   66    | exp . '+' exp
   67    | exp . '-' exp
   68    | exp . '*' exp
   69    | exp . '/' exp
   69    | exp '/' exp .
   70    | exp . '^' exp

    ASSIGN  shift, and go to state 43
    '<'     shift, and go to state 44
    '>'     shift, and go to state 45
    '+'     shift, and go to state 46
    '-'     shift, and go to state 47
    '*'     shift, and go to state 48
    '/'     shift, and go to state 49
    '^'     shift, and go to state 50

    ASSIGN    [reduce using rule 69 (exp)]
    '<'       [reduce using rule 69 (exp)]
    '>'       [reduce using rule 69 (exp)]
    '+'       [reduce using rule 69 (exp)]
    '-'       [reduce using rule 69 (exp)]
    '*'       [reduce using rule 69 (exp)]
    '/'       [reduce using rule 69 (exp)]
    '^'       [reduce using rule 69 (exp)]
    $default  reduce using rule 69 (exp)


State 72

   60 exp: exp . '<' exp
   61    | exp . '<' ASSIGN exp
   62    | exp . ASSIGN ASSIGN exp
   63    | exp . ASSIGN ASSIGN ASSIGN exp
   64    | exp . '>' exp
   65    | exp . '>' ASSIGN exp
   66    | exp . '+' exp
   67    | exp . '-' exp
   68    | exp . '*' exp
   69    | exp . '/' exp
   70    | exp . '^' exp
   70    | exp '^' exp .

    ASSIGN  shift, and go to state 43
    '<'     shift, and go to state 44
    '>'     shift, and go to state 45
    '+'     shift, and go to state 46
    '-'     shift, and go to state 47
    '*'     shift, and go to state 48
    '/'     shift, and go to state 49
    '^'     shift, and go to state 50

    ASSIGN    [reduce using rule 70 (exp)]
    '<'       [reduce using rule 70 (exp)]
    '>'       [reduce using rule 70 (exp)]
    '+'       [reduce using rule 70 (exp)]
    '-'       [reduce using rule 70 (exp)]
    '*'       [reduce using rule 70 (exp)]
    '/'       [reduce using rule 70 (exp)]
    '^'       [reduce using rule 70 (exp)]
    $default  reduce using rule 70 (exp)


State 73

   18 array_of_numbers_declaration: LET IDENTIFIER COLON NUMBER LBRACKET RBRACKET . ASSIGN array_of_numbers SEMICOLON
   20 array_of_floats_declaration: LET IDENTIFIER COLON NUMBER LBRACKET RBRACKET . ASSIGN array_of_floats SEMICOLON

    ASSIGN  shift, and go to state 87


State 74

   17 number_declaration: LET IDENTIFIER COLON NUMBER ASSIGN NUMBER_LITERAL . SEMICOLON

    SEMICOLON  shift, and go to state 88


State 75

   19 float_declaration: LET IDENTIFIER COLON NUMBER ASSIGN FLOAT_LITERAL . SEMICOLON

    SEMICOLON  shift, and go to state 89


State 76

   24 array_of_strings_declaration: LET IDENTIFIER COLON STRING LBRACKET RBRACKET . ASSIGN array_of_strings SEMICOLON

    ASSIGN  shift, and go to state 90


State 77

   23 string_declaration: LET IDENTIFIER COLON STRING ASSIGN STRING_LITERAL . SEMICOLON

    SEMICOLON  shift, and go to state 91


State 78

   22 array_of_booleans_declaration: LET IDENTIFIER COLON BOOLEAN LBRACKET RBRACKET . ASSIGN array_of_booleans SEMICOLON

    ASSIGN  shift, and go to state 92


State 79

   21 boolean_declaration: LET IDENTIFIER COLON BOOLEAN ASSIGN BOOLEAN_LITERAL . SEMICOLON

    SEMICOLON  shift, and go to state 93


State 80

   26 array_of_objects_declaration: LET IDENTIFIER COLON ANY LBRACKET RBRACKET . ASSIGN array_of_objects SEMICOLON

    ASSIGN  shift, and go to state 94


State 81

   25 object_declaration: LET IDENTIFIER COLON ANY ASSIGN LBRACE . object_attribution RBRACE SEMICOLON

    IDENTIFIER  shift, and go to state 95

    $default  reduce using rule 36 (object_attribution)

    object_attribution  go to state 96


State 82

   54 command: IF exp LBRACE commands RBRACE .

    $default  reduce using rule 54 (command)


State 83

   63 exp: exp ASSIGN ASSIGN ASSIGN . exp

    IDENTIFIER       shift, and go to state 27
    LPARENTHESES     shift, and go to state 28
    STRING_LITERAL   shift, and go to state 29
    NUMBER_LITERAL   shift, and go to state 30
    FLOAT_LITERAL    shift, and go to state 31
    BOOLEAN_LITERAL  shift, and go to state 32

    exp  go to state 97


State 84

   60 exp: exp . '<' exp
   61    | exp . '<' ASSIGN exp
   62    | exp . ASSIGN ASSIGN exp
   62    | exp ASSIGN ASSIGN exp .
   63    | exp . ASSIGN ASSIGN ASSIGN exp
   64    | exp . '>' exp
   65    | exp . '>' ASSIGN exp
   66    | exp . '+' exp
   67    | exp . '-' exp
   68    | exp . '*' exp
   69    | exp . '/' exp
   70    | exp . '^' exp

    ASSIGN  shift, and go to state 43
    '<'     shift, and go to state 44
    '>'     shift, and go to state 45
    '+'     shift, and go to state 46
    '-'     shift, and go to state 47
    '*'     shift, and go to state 48
    '/'     shift, and go to state 49
    '^'     shift, and go to state 50

    ASSIGN    [reduce using rule 62 (exp)]
    '<'       [reduce using rule 62 (exp)]
    '>'       [reduce using rule 62 (exp)]
    '+'       [reduce using rule 62 (exp)]
    '-'       [reduce using rule 62 (exp)]
    '*'       [reduce using rule 62 (exp)]
    '/'       [reduce using rule 62 (exp)]
    '^'       [reduce using rule 62 (exp)]
    $default  reduce using rule 62 (exp)


State 85

   60 exp: exp . '<' exp
   61    | exp . '<' ASSIGN exp
   61    | exp '<' ASSIGN exp .
   62    | exp . ASSIGN ASSIGN exp
   63    | exp . ASSIGN ASSIGN ASSIGN exp
   64    | exp . '>' exp
   65    | exp . '>' ASSIGN exp
   66    | exp . '+' exp
   67    | exp . '-' exp
   68    | exp . '*' exp
   69    | exp . '/' exp
   70    | exp . '^' exp

    ASSIGN  shift, and go to state 43
    '<'     shift, and go to state 44
    '>'     shift, and go to state 45
    '+'     shift, and go to state 46
    '-'     shift, and go to state 47
    '*'     shift, and go to state 48
    '/'     shift, and go to state 49
    '^'     shift, and go to state 50

    ASSIGN    [reduce using rule 61 (exp)]
    '<'       [reduce using rule 61 (exp)]
    '>'       [reduce using rule 61 (exp)]
    '+'       [reduce using rule 61 (exp)]
    '-'       [reduce using rule 61 (exp)]
    '*'       [reduce using rule 61 (exp)]
    '/'       [reduce using rule 61 (exp)]
    '^'       [reduce using rule 61 (exp)]
    $default  reduce using rule 61 (exp)


State 86

   60 exp: exp . '<' exp
   61    | exp . '<' ASSIGN exp
   62    | exp . ASSIGN ASSIGN exp
   63    | exp . ASSIGN ASSIGN ASSIGN exp
   64    | exp . '>' exp
   65    | exp . '>' ASSIGN exp
   65    | exp '>' ASSIGN exp .
   66    | exp . '+' exp
   67    | exp . '-' exp
   68    | exp . '*' exp
   69    | exp . '/' exp
   70    | exp . '^' exp

    ASSIGN  shift, and go to state 43
    '<'     shift, and go to state 44
    '>'     shift, and go to state 45
    '+'     shift, and go to state 46
    '-'     shift, and go to state 47
    '*'     shift, and go to state 48
    '/'     shift, and go to state 49
    '^'     shift, and go to state 50

    ASSIGN    [reduce using rule 65 (exp)]
    '<'       [reduce using rule 65 (exp)]
    '>'       [reduce using rule 65 (exp)]
    '+'       [reduce using rule 65 (exp)]
    '-'       [reduce using rule 65 (exp)]
    '*'       [reduce using rule 65 (exp)]
    '/'       [reduce using rule 65 (exp)]
    '^'       [reduce using rule 65 (exp)]
    $default  reduce using rule 65 (exp)


State 87

   18 array_of_numbers_declaration: LET IDENTIFIER COLON NUMBER LBRACKET RBRACKET ASSIGN . array_of_numbers SEMICOLON
   20 array_of_floats_declaration: LET IDENTIFIER COLON NUMBER LBRACKET RBRACKET ASSIGN . array_of_floats SEMICOLON

    LBRACKET  shift, and go to state 98

    array_of_numbers  go to state 99
    array_of_floats   go to state 100


State 88

   17 number_declaration: LET IDENTIFIER COLON NUMBER ASSIGN NUMBER_LITERAL SEMICOLON .

    $default  reduce using rule 17 (number_declaration)


State 89

   19 float_declaration: LET IDENTIFIER COLON NUMBER ASSIGN FLOAT_LITERAL SEMICOLON .

    $default  reduce using rule 19 (float_declaration)


State 90

   24 array_of_strings_declaration: LET IDENTIFIER COLON STRING LBRACKET RBRACKET ASSIGN . array_of_strings SEMICOLON

    LBRACKET  shift, and go to state 101

    array_of_strings  go to state 102


State 91

   23 string_declaration: LET IDENTIFIER COLON STRING ASSIGN STRING_LITERAL SEMICOLON .

    $default  reduce using rule 23 (string_declaration)


State 92

   22 array_of_booleans_declaration: LET IDENTIFIER COLON BOOLEAN LBRACKET RBRACKET ASSIGN . array_of_booleans SEMICOLON

    LBRACKET  shift, and go to state 103

    array_of_booleans  go to state 104


State 93

   21 boolean_declaration: LET IDENTIFIER COLON BOOLEAN ASSIGN BOOLEAN_LITERAL SEMICOLON .

    $default  reduce using rule 21 (boolean_declaration)


State 94

   26 array_of_objects_declaration: LET IDENTIFIER COLON ANY LBRACKET RBRACKET ASSIGN . array_of_objects SEMICOLON

    LBRACKET  shift, and go to state 105

    array_of_objects  go to state 106


State 95

   27 object_attribution: IDENTIFIER . COLON STRING_LITERAL
   28                   | IDENTIFIER . COLON NUMBER_LITERAL
   29                   | IDENTIFIER . COLON FLOAT_LITERAL
   30                   | IDENTIFIER . COLON BOOLEAN_LITERAL
   31                   | IDENTIFIER . COLON STRING_LITERAL COMMA object_attribution
   32                   | IDENTIFIER . COLON NUMBER_LITERAL COMMA object_attribution
   33                   | IDENTIFIER . COLON FLOAT_LITERAL COMMA object_attribution
   34                   | IDENTIFIER . COLON BOOLEAN_LITERAL COMMA object_attribution
   35                   | IDENTIFIER . COLON LBRACE object_attribution RBRACE

    COLON  shift, and go to state 107


State 96

   25 object_declaration: LET IDENTIFIER COLON ANY ASSIGN LBRACE object_attribution . RBRACE SEMICOLON

    RBRACE  shift, and go to state 108


State 97

   60 exp: exp . '<' exp
   61    | exp . '<' ASSIGN exp
   62    | exp . ASSIGN ASSIGN exp
   63    | exp . ASSIGN ASSIGN ASSIGN exp
   63    | exp ASSIGN ASSIGN ASSIGN exp .
   64    | exp . '>' exp
   65    | exp . '>' ASSIGN exp
   66    | exp . '+' exp
   67    | exp . '-' exp
   68    | exp . '*' exp
   69    | exp . '/' exp
   70    | exp . '^' exp

    ASSIGN  shift, and go to state 43
    '<'     shift, and go to state 44
    '>'     shift, and go to state 45
    '+'     shift, and go to state 46
    '-'     shift, and go to state 47
    '*'     shift, and go to state 48
    '/'     shift, and go to state 49
    '^'     shift, and go to state 50

    ASSIGN    [reduce using rule 63 (exp)]
    '<'       [reduce using rule 63 (exp)]
    '>'       [reduce using rule 63 (exp)]
    '+'       [reduce using rule 63 (exp)]
    '-'       [reduce using rule 63 (exp)]
    '*'       [reduce using rule 63 (exp)]
    '/'       [reduce using rule 63 (exp)]
    '^'       [reduce using rule 63 (exp)]
    $default  reduce using rule 63 (exp)


State 98

   37 array_of_numbers: LBRACKET . numbers RBRACKET
   40 array_of_floats: LBRACKET . floats RBRACKET

    NUMBER_LITERAL  shift, and go to state 109
    FLOAT_LITERAL   shift, and go to state 110

    numbers  go to state 111
    floats   go to state 112


State 99

   18 array_of_numbers_declaration: LET IDENTIFIER COLON NUMBER LBRACKET RBRACKET ASSIGN array_of_numbers . SEMICOLON

    SEMICOLON  shift, and go to state 113


State 100

   20 array_of_floats_declaration: LET IDENTIFIER COLON NUMBER LBRACKET RBRACKET ASSIGN array_of_floats . SEMICOLON

    SEMICOLON  shift, and go to state 114


State 101

   46 array_of_strings: LBRACKET . strings RBRACKET

    STRING_LITERAL  shift, and go to state 115

    strings  go to state 116


State 102

   24 array_of_strings_declaration: LET IDENTIFIER COLON STRING LBRACKET RBRACKET ASSIGN array_of_strings . SEMICOLON

    SEMICOLON  shift, and go to state 117


State 103

   43 array_of_booleans: LBRACKET . booleans RBRACKET

    BOOLEAN_LITERAL  shift, and go to state 118

    booleans  go to state 119


State 104

   22 array_of_booleans_declaration: LET IDENTIFIER COLON BOOLEAN LBRACKET RBRACKET ASSIGN array_of_booleans . SEMICOLON

    SEMICOLON  shift, and go to state 120


State 105

   49 array_of_objects: LBRACKET . objects RBRACKET

    LBRACE  shift, and go to state 121

    objects  go to state 122


State 106

   26 array_of_objects_declaration: LET IDENTIFIER COLON ANY LBRACKET RBRACKET ASSIGN array_of_objects . SEMICOLON

    SEMICOLON  shift, and go to state 123


State 107

   27 object_attribution: IDENTIFIER COLON . STRING_LITERAL
   28                   | IDENTIFIER COLON . NUMBER_LITERAL
   29                   | IDENTIFIER COLON . FLOAT_LITERAL
   30                   | IDENTIFIER COLON . BOOLEAN_LITERAL
   31                   | IDENTIFIER COLON . STRING_LITERAL COMMA object_attribution
   32                   | IDENTIFIER COLON . NUMBER_LITERAL COMMA object_attribution
   33                   | IDENTIFIER COLON . FLOAT_LITERAL COMMA object_attribution
   34                   | IDENTIFIER COLON . BOOLEAN_LITERAL COMMA object_attribution
   35                   | IDENTIFIER COLON . LBRACE object_attribution RBRACE

    LBRACE           shift, and go to state 124
    STRING_LITERAL   shift, and go to state 125
    NUMBER_LITERAL   shift, and go to state 126
    FLOAT_LITERAL    shift, and go to state 127
    BOOLEAN_LITERAL  shift, and go to state 128


State 108

   25 object_declaration: LET IDENTIFIER COLON ANY ASSIGN LBRACE object_attribution RBRACE . SEMICOLON

    SEMICOLON  shift, and go to state 129


State 109

   38 numbers: NUMBER_LITERAL . COMMA numbers
   39        | NUMBER_LITERAL .

    COMMA  shift, and go to state 130

    $default  reduce using rule 39 (numbers)


State 110

   41 floats: FLOAT_LITERAL . COMMA floats
   42       | FLOAT_LITERAL .

    COMMA  shift, and go to state 131

    $default  reduce using rule 42 (floats)


State 111

   37 array_of_numbers: LBRACKET numbers . RBRACKET

    RBRACKET  shift, and go to state 132


State 112

   40 array_of_floats: LBRACKET floats . RBRACKET

    RBRACKET  shift, and go to state 133


State 113

   18 array_of_numbers_declaration: LET IDENTIFIER COLON NUMBER LBRACKET RBRACKET ASSIGN array_of_numbers SEMICOLON .

    $default  reduce using rule 18 (array_of_numbers_declaration)


State 114

   20 array_of_floats_declaration: LET IDENTIFIER COLON NUMBER LBRACKET RBRACKET ASSIGN array_of_floats SEMICOLON .

    $default  reduce using rule 20 (array_of_floats_declaration)


State 115

   47 strings: STRING_LITERAL . COMMA strings
   48        | STRING_LITERAL .

    COMMA  shift, and go to state 134

    $default  reduce using rule 48 (strings)


State 116

   46 array_of_strings: LBRACKET strings . RBRACKET

    RBRACKET  shift, and go to state 135


State 117

   24 array_of_strings_declaration: LET IDENTIFIER COLON STRING LBRACKET RBRACKET ASSIGN array_of_strings SEMICOLON .

    $default  reduce using rule 24 (array_of_strings_declaration)


State 118

   44 booleans: BOOLEAN_LITERAL . COMMA booleans
   45         | BOOLEAN_LITERAL .

    COMMA  shift, and go to state 136

    $default  reduce using rule 45 (booleans)


State 119

   43 array_of_booleans: LBRACKET booleans . RBRACKET

    RBRACKET  shift, and go to state 137


State 120

   22 array_of_booleans_declaration: LET IDENTIFIER COLON BOOLEAN LBRACKET RBRACKET ASSIGN array_of_booleans SEMICOLON .

    $default  reduce using rule 22 (array_of_booleans_declaration)


State 121

   50 objects: LBRACE . object_attribution RBRACE COMMA objects
   51        | LBRACE . object_attribution RBRACE

    IDENTIFIER  shift, and go to state 95

    $default  reduce using rule 36 (object_attribution)

    object_attribution  go to state 138


State 122

   49 array_of_objects: LBRACKET objects . RBRACKET

    RBRACKET  shift, and go to state 139


State 123

   26 array_of_objects_declaration: LET IDENTIFIER COLON ANY LBRACKET RBRACKET ASSIGN array_of_objects SEMICOLON .

    $default  reduce using rule 26 (array_of_objects_declaration)


State 124

   35 object_attribution: IDENTIFIER COLON LBRACE . object_attribution RBRACE

    IDENTIFIER  shift, and go to state 95

    $default  reduce using rule 36 (object_attribution)

    object_attribution  go to state 140


State 125

   27 object_attribution: IDENTIFIER COLON STRING_LITERAL .
   31                   | IDENTIFIER COLON STRING_LITERAL . COMMA object_attribution

    COMMA  shift, and go to state 141

    $default  reduce using rule 27 (object_attribution)


State 126

   28 object_attribution: IDENTIFIER COLON NUMBER_LITERAL .
   32                   | IDENTIFIER COLON NUMBER_LITERAL . COMMA object_attribution

    COMMA  shift, and go to state 142

    $default  reduce using rule 28 (object_attribution)


State 127

   29 object_attribution: IDENTIFIER COLON FLOAT_LITERAL .
   33                   | IDENTIFIER COLON FLOAT_LITERAL . COMMA object_attribution

    COMMA  shift, and go to state 143

    $default  reduce using rule 29 (object_attribution)


State 128

   30 object_attribution: IDENTIFIER COLON BOOLEAN_LITERAL .
   34                   | IDENTIFIER COLON BOOLEAN_LITERAL . COMMA object_attribution

    COMMA  shift, and go to state 144

    $default  reduce using rule 30 (object_attribution)


State 129

   25 object_declaration: LET IDENTIFIER COLON ANY ASSIGN LBRACE object_attribution RBRACE SEMICOLON .

    $default  reduce using rule 25 (object_declaration)


State 130

   38 numbers: NUMBER_LITERAL COMMA . numbers

    NUMBER_LITERAL  shift, and go to state 109

    numbers  go to state 145


State 131

   41 floats: FLOAT_LITERAL COMMA . floats

    FLOAT_LITERAL  shift, and go to state 110

    floats  go to state 146


State 132

   37 array_of_numbers: LBRACKET numbers RBRACKET .

    $default  reduce using rule 37 (array_of_numbers)


State 133

   40 array_of_floats: LBRACKET floats RBRACKET .

    $default  reduce using rule 40 (array_of_floats)


State 134

   47 strings: STRING_LITERAL COMMA . strings

    STRING_LITERAL  shift, and go to state 115

    strings  go to state 147


State 135

   46 array_of_strings: LBRACKET strings RBRACKET .

    $default  reduce using rule 46 (array_of_strings)


State 136

   44 booleans: BOOLEAN_LITERAL COMMA . booleans

    BOOLEAN_LITERAL  shift, and go to state 118

    booleans  go to state 148


State 137

   43 array_of_booleans: LBRACKET booleans RBRACKET .

    $default  reduce using rule 43 (array_of_booleans)


State 138

   50 objects: LBRACE object_attribution . RBRACE COMMA objects
   51        | LBRACE object_attribution . RBRACE

    RBRACE  shift, and go to state 149


State 139

   49 array_of_objects: LBRACKET objects RBRACKET .

    $default  reduce using rule 49 (array_of_objects)


State 140

   35 object_attribution: IDENTIFIER COLON LBRACE object_attribution . RBRACE

    RBRACE  shift, and go to state 150


State 141

   31 object_attribution: IDENTIFIER COLON STRING_LITERAL COMMA . object_attribution

    IDENTIFIER  shift, and go to state 95

    $default  reduce using rule 36 (object_attribution)

    object_attribution  go to state 151


State 142

   32 object_attribution: IDENTIFIER COLON NUMBER_LITERAL COMMA . object_attribution

    IDENTIFIER  shift, and go to state 95

    $default  reduce using rule 36 (object_attribution)

    object_attribution  go to state 152


State 143

   33 object_attribution: IDENTIFIER COLON FLOAT_LITERAL COMMA . object_attribution

    IDENTIFIER  shift, and go to state 95

    $default  reduce using rule 36 (object_attribution)

    object_attribution  go to state 153


State 144

   34 object_attribution: IDENTIFIER COLON BOOLEAN_LITERAL COMMA . object_attribution

    IDENTIFIER  shift, and go to state 95

    $default  reduce using rule 36 (object_attribution)

    object_attribution  go to state 154


State 145

   38 numbers: NUMBER_LITERAL COMMA numbers .

    $default  reduce using rule 38 (numbers)


State 146

   41 floats: FLOAT_LITERAL COMMA floats .

    $default  reduce using rule 41 (floats)


State 147

   47 strings: STRING_LITERAL COMMA strings .

    $default  reduce using rule 47 (strings)


State 148

   44 booleans: BOOLEAN_LITERAL COMMA booleans .

    $default  reduce using rule 44 (booleans)


State 149

   50 objects: LBRACE object_attribution RBRACE . COMMA objects
   51        | LBRACE object_attribution RBRACE .

    COMMA  shift, and go to state 155

    $default  reduce using rule 51 (objects)


State 150

   35 object_attribution: IDENTIFIER COLON LBRACE object_attribution RBRACE .

    $default  reduce using rule 35 (object_attribution)


State 151

   31 object_attribution: IDENTIFIER COLON STRING_LITERAL COMMA object_attribution .

    $default  reduce using rule 31 (object_attribution)


State 152

   32 object_attribution: IDENTIFIER COLON NUMBER_LITERAL COMMA object_attribution .

    $default  reduce using rule 32 (object_attribution)


State 153

   33 object_attribution: IDENTIFIER COLON FLOAT_LITERAL COMMA object_attribution .

    $default  reduce using rule 33 (object_attribution)


State 154

   34 object_attribution: IDENTIFIER COLON BOOLEAN_LITERAL COMMA object_attribution .

    $default  reduce using rule 34 (object_attribution)


State 155

   50 objects: LBRACE object_attribution RBRACE COMMA . objects

    LBRACE  shift, and go to state 121

    objects  go to state 156


State 156

   50 objects: LBRACE object_attribution RBRACE COMMA objects .

    $default  reduce using rule 50 (objects)
